<?xml version="1.0" encoding="UTF-8"?>
<!-- Generated by org.testng.reporters.JUnitReportReporter -->
<testsuite hostname="DESKTOP-INM506G" failures="0" tests="3" name="com.tutorialsninja.qa.testcases.Login" time="20.147" errors="0" timestamp="2024-08-18T00:05:37 IST" skipped="0">
  <testcase classname="com.tutorialsninja.qa.testcases.Login" name="verifyLoginWithValidCredentials" time="5.705"/>
  <testcase classname="com.tutorialsninja.qa.testcases.Login" name="verifyLoginWithValidCredentials" time="8.521"/>
  <testcase classname="com.tutorialsninja.qa.testcases.Login" name="verifyLoginWithValidCredentials" time="5.921"/>
</testsuite> <!-- com.tutorialsninja.qa.testcases.Login -->
