<?xml version="1.0" encoding="UTF-8"?>
<!-- Generated by org.testng.reporters.JUnitReportReporter -->
<testsuite hostname="DESKTOP-INM506G" failures="0" tests="1" name="com.tutorialsninja.qa.testcases.Register" time="11.874" errors="0" timestamp="2024-08-22T15:10:04 IST" skipped="0">
  <testcase classname="com.tutorialsninja.qa.testcases.Register" name="verifyRegisteringAccountWithExistingEmailAddress" time="11.874"/>
</testsuite> <!-- com.tutorialsninja.qa.testcases.Register -->
